<?xml version="1.0" encoding="UTF-8"?>
<!-- Generated by org.testng.reporters.JUnitReportReporter -->
<testsuite hostname="Saranya" failures="0" tests="2" name="com.test.HomeTest" time="51.357" errors="0" timestamp="2025-03-27T19:50:18 IST" skipped="0">
  <testcase classname="com.test.HomeTest" name="verifyHomePageMessage" time="37.892"/>
  <testcase classname="com.test.HomeTest" name="clickRegisterButton" time="13.465"/>
</testsuite> <!-- com.test.HomeTest -->
